2022-07-14 17:08:04 [백엔드는 어려워] info : 8080 포트에서 서버가 가동되었습니다.
2022-07-14 17:09:04 [백엔드는 어려워] info : GET / 404 139 - 1.630 ms

2022-07-14 17:10:04 [백엔드는 어려워] info : GET / 404 139 - 1.101 ms

2022-07-14 17:23:04 [백엔드는 어려워] info : 8080 포트에서 서버가 가동되었습니다.
2022-07-14 17:47:04 [백엔드는 어려워] info : GET / 404 139 - 1.892 ms

2022-07-14 17:50:04 [백엔드는 어려워] info : 8080 포트에서 서버가 가동되었습니다.
2022-07-14 17:50:04 [백엔드는 어려워] info : GET / 404 139 - 3.291 ms

2022-07-14 17:50:04 [백엔드는 어려워] info : GET / 404 139 - 0.771 ms

2022-07-14 17:53:04 [백엔드는 어려워] info : 8080 포트에서 서버가 가동되었습니다.
2022-07-14 17:53:04 [백엔드는 어려워] info : 8080 포트에서 서버가 가동되었습니다.
2022-07-14 17:55:04 [백엔드는 어려워] info : 8080 포트에서 서버가 가동되었습니다.
2022-07-14 17:56:04 [백엔드는 어려워] info : 8080 포트에서 서버가 가동되었습니다.
2022-07-14 17:57:04 [백엔드는 어려워] info : 8080 포트에서 서버가 가동되었습니다.
2022-07-14 17:57:04 [백엔드는 어려워] info : 8080 포트에서 서버가 가동되었습니다.
2022-07-14 17:57:04 [백엔드는 어려워] info : GET / 200 홈 화면
2022-07-14 17:57:04 [백엔드는 어려워] info : GET / 200 469 - 14.287 ms

2022-07-14 17:57:04 [백엔드는 어려워] info : GET /models/services/Post/Post.js 404 167 - 2.927 ms

2022-07-14 17:57:04 [백엔드는 어려워] info : GET /favicon.ico 404 150 - 1.268 ms

2022-07-15 10:19:05 [백엔드는 어려워] info : 8080 포트에서 서버가 가동되었습니다.
2022-07-15 10:19:05 [백엔드는 어려워] info : GET / 200 홈 화면
2022-07-15 10:19:05 [백엔드는 어려워] info : GET / 304 - - 12.958 ms

2022-07-15 10:19:05 [백엔드는 어려워] info : GET /models/services/Post/Post.js 404 167 - 3.034 ms

2022-07-15 10:19:05 [백엔드는 어려워] info : GET /favicon.ico 404 150 - 0.691 ms

2022-07-15 10:19:05 [백엔드는 어려워] info : GET / 200 홈 화면
2022-07-15 10:19:05 [백엔드는 어려워] info : GET / 304 - - 4.327 ms

2022-07-15 10:19:05 [백엔드는 어려워] info : GET /models/services/Post/Post.js 404 167 - 0.987 ms

2022-07-15 10:20:05 [백엔드는 어려워] info : GET / 200 홈 화면
2022-07-15 10:20:05 [백엔드는 어려워] info : GET / 200 498 - 4.719 ms

2022-07-15 10:20:05 [백엔드는 어려워] info : GET /models/services/Post/Post.js 404 167 - 0.505 ms

2022-07-15 10:21:05 [백엔드는 어려워] info : GET / 200 홈 화면
2022-07-15 10:21:05 [백엔드는 어려워] info : GET / 304 - - 3.526 ms

2022-07-15 10:21:05 [백엔드는 어려워] info : GET /models/services/Post/Post.js 404 167 - 0.519 ms

2022-07-15 10:24:05 [백엔드는 어려워] info : 8080 포트에서 서버가 가동되었습니다.
2022-07-15 10:38:05 [백엔드는 어려워] info : 8080 포트에서 서버가 가동되었습니다.
2022-07-19 10:38:02 [백엔드는 어려워] info : 8080 포트에서 서버가 가동되었습니다.
2022-07-19 10:38:02 [백엔드는 어려워] info : GET / 200 홈 화면
2022-07-19 10:38:02 [백엔드는 어려워] info : GET / 304 - - 13.160 ms

2022-07-19 10:38:02 [백엔드는 어려워] info : GET /models/services/Post/Post.js 404 167 - 3.648 ms

2022-07-19 10:38:02 [백엔드는 어려워] info : GET /favicon.ico 404 150 - 0.826 ms

2022-07-19 10:38:02 [백엔드는 어려워] info : POST / 404 140 - 0.717 ms

2022-07-19 10:39:02 [백엔드는 어려워] info : POST / 404 140 - 0.607 ms

2022-07-19 10:40:02 [백엔드는 어려워] info : POST / 404 140 - 0.408 ms

2022-07-19 10:40:02 [백엔드는 어려워] info : GET / 200 홈 화면
2022-07-19 10:40:02 [백엔드는 어려워] info : GET / 200 498 - 2.546 ms

2022-07-19 10:40:02 [백엔드는 어려워] info : GET / 200 홈 화면
2022-07-19 10:40:02 [백엔드는 어려워] info : GET / 304 - - 1.319 ms

2022-07-19 10:40:02 [백엔드는 어려워] info : GET /models/services/Post/Post.js 404 167 - 0.261 ms

2022-07-19 10:40:02 [백엔드는 어려워] info : GET / 200 홈 화면
2022-07-19 10:40:02 [백엔드는 어려워] info : GET / 304 - - 1.699 ms

2022-07-19 10:40:02 [백엔드는 어려워] info : GET /models/services/Post/Post.js 404 167 - 0.319 ms

2022-07-19 10:46:02 [백엔드는 어려워] info : 8080 포트에서 서버가 가동되었습니다.
2022-07-19 10:48:02 [백엔드는 어려워] info : 8080 포트에서 서버가 가동되었습니다.
2022-07-19 10:49:02 [백엔드는 어려워] info : 8080 포트에서 서버가 가동되었습니다.
2022-07-19 11:29:02 [백엔드는 어려워] info : 8080 포트에서 서버가 가동되었습니다.
2022-07-19 11:29:02 [백엔드는 어려워] info : 8080 포트에서 서버가 가동되었습니다.
2022-07-19 11:31:02 [백엔드는 어려워] info : 8080 포트에서 서버가 가동되었습니다.
2022-07-19 11:31:02 [백엔드는 어려워] info : 8080 포트에서 서버가 가동되었습니다.
2022-07-19 11:32:02 [백엔드는 어려워] info : 8080 포트에서 서버가 가동되었습니다.
2022-07-19 11:32:02 [백엔드는 어려워] info : 8080 포트에서 서버가 가동되었습니다.
2022-07-19 11:36:02 [백엔드는 어려워] info : 8080 포트에서 서버가 가동되었습니다.
2022-07-19 11:38:02 [백엔드는 어려워] info : 8080 포트에서 서버가 가동되었습니다.
2022-07-19 13:57:02 [백엔드는 어려워] info : 8080 포트에서 서버가 가동되었습니다.
2022-07-19 14:09:02 [백엔드는 어려워] info : 8080 포트에서 서버가 가동되었습니다.
2022-07-19 14:09:02 [백엔드는 어려워] info : GET / 404 139 - 2.091 ms

2022-07-19 14:10:02 [백엔드는 어려워] info : GET / 200 홈 화면
2022-07-19 14:10:02 [백엔드는 어려워] info : GET /board 200 498 - 14.822 ms

2022-07-19 14:10:02 [백엔드는 어려워] info : GET /models/services/Post/Post.js 404 167 - 1.411 ms

2022-07-19 14:10:02 [백엔드는 어려워] info : 8080 포트에서 서버가 가동되었습니다.
2022-07-19 14:11:02 [백엔드는 어려워] info : 8080 포트에서 서버가 가동되었습니다.
2022-07-19 14:11:02 [백엔드는 어려워] info : 8080 포트에서 서버가 가동되었습니다.
2022-07-19 14:12:02 [백엔드는 어려워] info : GET /board/create 404 151 - 2.841 ms

2022-07-19 14:12:02 [백엔드는 어려워] info : POST /board/create 500 2 - 5.791 ms

2022-07-19 14:13:02 [백엔드는 어려워] info : 8080 포트에서 서버가 가동되었습니다.
2022-07-19 14:13:02 [백엔드는 어려워] info : POST /board/create 500 2 - 71.660 ms

2022-07-19 14:13:02 [백엔드는 어려워] info : 8080 포트에서 서버가 가동되었습니다.
2022-07-19 14:13:02 [백엔드는 어려워] info : POST /board/create 500 2 - 1.782 ms

2022-07-19 14:14:02 [백엔드는 어려워] info : 8080 포트에서 서버가 가동되었습니다.
2022-07-19 14:14:02 [백엔드는 어려워] info : POST /board/create 500 2 - 4.800 ms

2022-07-19 14:17:02 [백엔드는 어려워] info : 8080 포트에서 서버가 가동되었습니다.
2022-07-19 14:17:02 [백엔드는 어려워] info : POST /board/create 500 2 - 7.937 ms

2022-07-19 14:17:02 [백엔드는 어려워] info : 8080 포트에서 서버가 가동되었습니다.
2022-07-19 14:17:02 [백엔드는 어려워] info : POST /board/create 500 2 - 9.307 ms

2022-07-19 14:17:02 [백엔드는 어려워] info : 8080 포트에서 서버가 가동되었습니다.
2022-07-19 14:20:02 [백엔드는 어려워] info : 8080 포트에서 서버가 가동되었습니다.
2022-07-19 14:20:02 [백엔드는 어려워] info : POST /board/create 500 2 - 4.656 ms

2022-07-19 14:21:02 [백엔드는 어려워] info : 8080 포트에서 서버가 가동되었습니다.
2022-07-19 14:21:02 [백엔드는 어려워] info : POST /board/create 500 2 - 4.610 ms

2022-07-19 14:22:02 [백엔드는 어려워] info : 8080 포트에서 서버가 가동되었습니다.
2022-07-19 14:22:02 [백엔드는 어려워] info : 8080 포트에서 서버가 가동되었습니다.
2022-07-19 14:22:02 [백엔드는 어려워] info : POST /board/create 500 2 - 5.356 ms

2022-07-19 14:22:02 [백엔드는 어려워] info : 8080 포트에서 서버가 가동되었습니다.
2022-07-19 14:22:02 [백엔드는 어려워] info : 8080 포트에서 서버가 가동되었습니다.
2022-07-19 14:23:02 [백엔드는 어려워] info : 8080 포트에서 서버가 가동되었습니다.
2022-07-19 14:23:02 [백엔드는 어려워] info : POST /board/create 500 123 - 2.593 ms

2022-07-19 14:23:02 [백엔드는 어려워] info : 8080 포트에서 서버가 가동되었습니다.
2022-07-19 14:23:02 [백엔드는 어려워] info : POST /board/create 500 164 - 70.390 ms

2022-07-19 14:27:02 [백엔드는 어려워] info : 8080 포트에서 서버가 가동되었습니다.
2022-07-19 14:27:02 [백엔드는 어려워] info : POST /board/create 500 128 - 51.844 ms

2022-07-19 14:28:02 [백엔드는 어려워] info : 8080 포트에서 서버가 가동되었습니다.
2022-07-19 14:28:02 [백엔드는 어려워] info : POST /board/create 500 122 - 56.105 ms

2022-07-19 14:28:02 [백엔드는 어려워] info : 8080 포트에서 서버가 가동되었습니다.
2022-07-19 14:28:02 [백엔드는 어려워] error : POST /connect 400  undefined undefined
2022-07-19 14:28:02 [백엔드는 어려워] info : POST /board/create 400 98 - 68.826 ms

2022-07-19 14:29:02 [백엔드는 어려워] info : 8080 포트에서 서버가 가동되었습니다.
2022-07-19 14:29:02 [백엔드는 어려워] info : POST /board/create 500 2 - 66.992 ms

2022-07-19 14:30:02 [백엔드는 어려워] info : 8080 포트에서 서버가 가동되었습니다.
2022-07-19 14:30:02 [백엔드는 어려워] info : POST /board/create 500 2 - 64.889 ms

2022-07-19 14:30:02 [백엔드는 어려워] info : 8080 포트에서 서버가 가동되었습니다.
2022-07-19 14:31:02 [백엔드는 어려워] info : 8080 포트에서 서버가 가동되었습니다.
2022-07-19 14:31:02 [백엔드는 어려워] info : POST /board/create 500 2 - 66.316 ms

2022-07-19 14:31:02 [백엔드는 어려워] info : 8080 포트에서 서버가 가동되었습니다.
2022-07-19 14:31:02 [백엔드는 어려워] info : 8080 포트에서 서버가 가동되었습니다.
2022-07-19 14:32:02 [백엔드는 어려워] info : 8080 포트에서 서버가 가동되었습니다.
2022-07-19 14:32:02 [백엔드는 어려워] info : 8080 포트에서 서버가 가동되었습니다.
2022-07-19 14:32:02 [백엔드는 어려워] info : 8080 포트에서 서버가 가동되었습니다.
2022-07-19 14:32:02 [백엔드는 어려워] error : POST /connect 400  false 게시글 생성 오류
2022-07-19 14:32:02 [백엔드는 어려워] info : POST /board/create 400 49 - 63.310 ms

2022-07-19 14:33:02 [백엔드는 어려워] info : 8080 포트에서 서버가 가동되었습니다.
2022-07-19 14:33:02 [백엔드는 어려워] error : POST /connect 400  false 게시글 생성 오류
2022-07-19 14:33:02 [백엔드는 어려워] info : POST /board/create 400 49 - 67.231 ms

2022-07-19 14:34:02 [백엔드는 어려워] info : 8080 포트에서 서버가 가동되었습니다.
2022-07-19 14:34:02 [백엔드는 어려워] info : POST /connect 201 true 게시글 생성
2022-07-19 14:34:02 [백엔드는 어려워] info : POST /board/create 201 41 - 59.520 ms

2022-07-19 14:37:02 [백엔드는 어려워] info : 8080 포트에서 서버가 가동되었습니다.
2022-07-19 14:38:02 [백엔드는 어려워] info : 8080 포트에서 서버가 가동되었습니다.
2022-07-19 14:38:02 [백엔드는 어려워] info : 8080 포트에서 서버가 가동되었습니다.
2022-07-19 14:38:02 [백엔드는 어려워] info : GET / 200 홈 화면
2022-07-19 14:38:02 [백엔드는 어려워] info : GET /board/ 200 498 - 20.924 ms

2022-07-19 14:39:02 [백엔드는 어려워] info : GET /models/services/Post/Post.js 404 167 - 1.919 ms

2022-07-19 14:39:02 [백엔드는 어려워] info : GET / 200 홈 화면
2022-07-19 14:39:02 [백엔드는 어려워] info : GET /board 304 - - 3.108 ms

2022-07-19 14:39:02 [백엔드는 어려워] info : GET /models/services/Post/Post.js 404 167 - 0.470 ms

2022-07-19 14:39:02 [백엔드는 어려워] info : 8080 포트에서 서버가 가동되었습니다.
2022-07-19 14:53:02 [백엔드는 어려워] info : 8080 포트에서 서버가 가동되었습니다.
2022-07-19 15:07:02 [백엔드는 어려워] info : 8080 포트에서 서버가 가동되었습니다.
2022-07-19 15:16:02 [백엔드는 어려워] info : 8080 포트에서 서버가 가동되었습니다.
2022-07-19 15:46:02 [백엔드는 어려워] info : 8080 포트에서 서버가 가동되었습니다.
2022-07-19 15:47:02 [백엔드는 어려워] info : 8080 포트에서 서버가 가동되었습니다.
2022-07-19 15:47:02 [백엔드는 어려워] info : 8080 포트에서 서버가 가동되었습니다.
2022-07-19 15:48:02 [백엔드는 어려워] info : 8080 포트에서 서버가 가동되었습니다.
2022-07-19 15:49:02 [백엔드는 어려워] info : POST /board/ 404 146 - 1.536 ms

2022-07-19 15:49:02 [백엔드는 어려워] info : GET / 200 홈 화면
2022-07-19 15:49:02 [백엔드는 어려워] info : GET /board/ 200 498 - 11.124 ms

2022-07-19 15:49:02 [백엔드는 어려워] info : POST /board/ 404 146 - 0.371 ms

2022-07-19 15:50:02 [백엔드는 어려워] info : 8080 포트에서 서버가 가동되었습니다.
2022-07-19 15:50:02 [백엔드는 어려워] info : 8080 포트에서 서버가 가동되었습니다.
2022-07-19 15:50:02 [백엔드는 어려워] info : POST /board/ 404 146 - 1.172 ms

2022-07-19 15:52:02 [백엔드는 어려워] info : 8080 포트에서 서버가 가동되었습니다.
2022-07-19 15:53:02 [백엔드는 어려워] info : 8080 포트에서 서버가 가동되었습니다.
2022-07-19 15:53:02 [백엔드는 어려워] info : 8080 포트에서 서버가 가동되었습니다.
2022-07-19 15:54:02 [백엔드는 어려워] info : POST /board/ 404 146 - 1.197 ms

2022-07-19 15:54:02 [백엔드는 어려워] info : POST /board/ 404 146 - 1.339 ms

2022-07-19 15:55:02 [백엔드는 어려워] info : 8080 포트에서 서버가 가동되었습니다.
2022-07-19 16:01:02 [백엔드는 어려워] info : 8080 포트에서 서버가 가동되었습니다.
2022-07-19 16:03:02 [백엔드는 어려워] info : 8080 포트에서 서버가 가동되었습니다.
2022-07-19 16:06:02 [백엔드는 어려워] info : 8080 포트에서 서버가 가동되었습니다.
2022-07-19 16:06:02 [백엔드는 어려워] info : 8080 포트에서 서버가 가동되었습니다.
2022-07-19 16:16:02 [백엔드는 어려워] info : 8080 포트에서 서버가 가동되었습니다.
2022-07-19 16:16:02 [백엔드는 어려워] info : 8080 포트에서 서버가 가동되었습니다.
2022-07-19 16:17:02 [백엔드는 어려워] info : 8080 포트에서 서버가 가동되었습니다.
2022-07-19 16:17:02 [백엔드는 어려워] info : 8080 포트에서 서버가 가동되었습니다.
2022-07-19 16:19:02 [백엔드는 어려워] info : 8080 포트에서 서버가 가동되었습니다.
2022-07-19 16:19:02 [백엔드는 어려워] info : PATCH /board/ 404 147 - 2.241 ms

2022-07-19 16:21:02 [백엔드는 어려워] info : 8080 포트에서 서버가 가동되었습니다.
2022-07-19 16:22:02 [백엔드는 어려워] info : PATCH /board/ 404 147 - 1.350 ms

2022-07-19 16:23:02 [백엔드는 어려워] info : 8080 포트에서 서버가 가동되었습니다.
2022-07-19 16:24:02 [백엔드는 어려워] info : 8080 포트에서 서버가 가동되었습니다.
2022-07-19 16:24:02 [백엔드는 어려워] info : 8080 포트에서 서버가 가동되었습니다.
2022-07-19 16:24:02 [백엔드는 어려워] info : PATCH /board/ 404 147 - 1.153 ms

2022-07-19 16:27:02 [백엔드는 어려워] info : 8080 포트에서 서버가 가동되었습니다.
2022-07-19 16:27:02 [백엔드는 어려워] info : 8080 포트에서 서버가 가동되었습니다.
2022-07-19 16:27:02 [백엔드는 어려워] info : PATCH /board/ 404 147 - 1.170 ms

2022-07-19 16:27:02 [백엔드는 어려워] info : GET / 200 홈 화면
2022-07-19 16:27:02 [백엔드는 어려워] info : GET /board 304 - - 8.370 ms

2022-07-19 16:27:02 [백엔드는 어려워] info : GET /models/services/Post/Post.js 404 167 - 1.983 ms

2022-07-19 16:34:02 [백엔드는 어려워] info : 8080 포트에서 서버가 가동되었습니다.
2022-07-19 16:35:02 [백엔드는 어려워] info : 8080 포트에서 서버가 가동되었습니다.
2022-07-19 16:37:02 [백엔드는 어려워] info : 8080 포트에서 서버가 가동되었습니다.
2022-07-19 16:37:02 [백엔드는 어려워] info : 8080 포트에서 서버가 가동되었습니다.
2022-07-19 16:38:02 [백엔드는 어려워] info : 8080 포트에서 서버가 가동되었습니다.
2022-07-19 16:38:02 [백엔드는 어려워] info : 8080 포트에서 서버가 가동되었습니다.
2022-07-19 16:38:02 [백엔드는 어려워] info : 8080 포트에서 서버가 가동되었습니다.
2022-07-19 16:39:02 [백엔드는 어려워] info : 8080 포트에서 서버가 가동되었습니다.
2022-07-19 16:39:02 [백엔드는 어려워] info : 8080 포트에서 서버가 가동되었습니다.
2022-07-19 16:41:02 [백엔드는 어려워] info : 8080 포트에서 서버가 가동되었습니다.
2022-07-19 16:41:02 [백엔드는 어려워] info : PATCH /board/ 404 147 - 1.195 ms

2022-07-19 16:42:02 [백엔드는 어려워] info : POST /connect 201 true 게시글 생성
2022-07-19 16:42:02 [백엔드는 어려워] info : POST /board/create 201 41 - 100.094 ms

2022-07-19 16:43:02 [백엔드는 어려워] info : 8080 포트에서 서버가 가동되었습니다.
2022-07-19 16:43:02 [백엔드는 어려워] info : 8080 포트에서 서버가 가동되었습니다.
2022-07-19 16:44:02 [백엔드는 어려워] info : 8080 포트에서 서버가 가동되었습니다.
2022-07-19 16:44:02 [백엔드는 어려워] info : 8080 포트에서 서버가 가동되었습니다.
2022-07-19 16:48:02 [백엔드는 어려워] info : 8080 포트에서 서버가 가동되었습니다.
2022-07-19 16:49:02 [백엔드는 어려워] info : 8080 포트에서 서버가 가동되었습니다.
2022-07-19 16:49:02 [백엔드는 어려워] info : POST /board/create 500 140 - 77.377 ms

2022-07-19 16:54:02 [백엔드는 어려워] info : 8080 포트에서 서버가 가동되었습니다.
2022-07-19 16:54:02 [백엔드는 어려워] info : POST /board/create 500 126 - 66.574 ms

2022-07-19 16:55:02 [백엔드는 어려워] info : 8080 포트에서 서버가 가동되었습니다.
2022-07-19 16:56:02 [백엔드는 어려워] info : POST /board/create 500 140 - 72.742 ms

2022-07-19 17:01:02 [백엔드는 어려워] info : 8080 포트에서 서버가 가동되었습니다.
2022-07-19 17:01:02 [백엔드는 어려워] info : 8080 포트에서 서버가 가동되었습니다.
2022-07-19 17:01:02 [백엔드는 어려워] info : POST /connect 201 true 게시글 생성
2022-07-19 17:01:02 [백엔드는 어려워] info : POST /board/create 201 41 - 76.820 ms

2022-07-19 17:03:02 [백엔드는 어려워] info : 8080 포트에서 서버가 가동되었습니다.
2022-07-19 17:03:02 [백엔드는 어려워] info : 8080 포트에서 서버가 가동되었습니다.
2022-07-19 17:04:02 [백엔드는 어려워] info : 8080 포트에서 서버가 가동되었습니다.
2022-07-19 17:04:02 [백엔드는 어려워] info : 8080 포트에서 서버가 가동되었습니다.
2022-07-19 17:04:02 [백엔드는 어려워] info : 8080 포트에서 서버가 가동되었습니다.
2022-07-19 17:05:02 [백엔드는 어려워] info : 8080 포트에서 서버가 가동되었습니다.
2022-07-19 17:05:02 [백엔드는 어려워] info : POST /connect 201 true 게시글 생성
2022-07-19 17:05:02 [백엔드는 어려워] info : POST /board/create 201 41 - 65.623 ms

2022-07-19 17:06:02 [백엔드는 어려워] info : 8080 포트에서 서버가 가동되었습니다.
2022-07-19 17:06:02 [백엔드는 어려워] info : POST /connect 201 true 게시글 생성
2022-07-19 17:06:02 [백엔드는 어려워] info : POST /board/create 201 41 - 127.737 ms

2022-07-19 17:06:02 [백엔드는 어려워] info : 8080 포트에서 서버가 가동되었습니다.
2022-07-19 17:07:02 [백엔드는 어려워] info : 8080 포트에서 서버가 가동되었습니다.
2022-07-19 17:07:02 [백엔드는 어려워] info : POST /board/create 500 128 - 71.068 ms

2022-07-19 17:08:02 [백엔드는 어려워] info : 8080 포트에서 서버가 가동되었습니다.
2022-07-19 17:08:02 [백엔드는 어려워] info : POST /board/create 500 128 - 68.873 ms

2022-07-19 17:08:02 [백엔드는 어려워] info : 8080 포트에서 서버가 가동되었습니다.
2022-07-19 17:08:02 [백엔드는 어려워] info : 8080 포트에서 서버가 가동되었습니다.
2022-07-19 17:09:02 [백엔드는 어려워] info : POST /board/create 500 128 - 92.084 ms

2022-07-19 17:09:02 [백엔드는 어려워] info : 8080 포트에서 서버가 가동되었습니다.
2022-07-19 17:09:02 [백엔드는 어려워] info : POST /board/create 500 128 - 99.648 ms

2022-07-19 17:10:02 [백엔드는 어려워] info : 8080 포트에서 서버가 가동되었습니다.
2022-07-19 17:10:02 [백엔드는 어려워] info : POST /connect 201 true 게시글 생성
2022-07-19 17:10:02 [백엔드는 어려워] info : POST /board/create 201 41 - 65.433 ms

2022-07-19 17:10:02 [백엔드는 어려워] info : POST /connect 201 true 게시글 생성
2022-07-19 17:10:02 [백엔드는 어려워] info : POST /board/create 201 41 - 10.497 ms

2022-07-19 17:10:02 [백엔드는 어려워] info : POST /connect 201 true 게시글 생성
2022-07-19 17:10:02 [백엔드는 어려워] info : POST /board/create 201 41 - 11.342 ms

2022-07-19 17:11:02 [백엔드는 어려워] info : POST /connect 201 true 게시글 생성
2022-07-19 17:11:02 [백엔드는 어려워] info : POST /board/create 201 41 - 10.204 ms

2022-07-19 17:12:02 [백엔드는 어려워] info : 8080 포트에서 서버가 가동되었습니다.
2022-07-19 17:12:02 [백엔드는 어려워] info : POST /connect 201 true 게시글 생성
2022-07-19 17:12:02 [백엔드는 어려워] info : POST /board/create 201 41 - 62.196 ms

2022-07-19 17:13:02 [백엔드는 어려워] info : 8080 포트에서 서버가 가동되었습니다.
2022-07-19 17:14:02 [백엔드는 어려워] info : 8080 포트에서 서버가 가동되었습니다.
2022-07-19 17:14:02 [백엔드는 어려워] info : POST /connect 201 true 게시글 생성
2022-07-19 17:14:02 [백엔드는 어려워] info : POST /board/create 201 41 - 65.132 ms

2022-07-19 17:15:02 [백엔드는 어려워] info : POST /connect 201 true 게시글 생성
2022-07-19 17:15:02 [백엔드는 어려워] info : POST /board/create 201 41 - 10.008 ms

2022-07-19 17:15:02 [백엔드는 어려워] info : 8080 포트에서 서버가 가동되었습니다.
2022-07-19 17:15:02 [백엔드는 어려워] info : POST /connect 201 true 게시글 생성
2022-07-19 17:15:02 [백엔드는 어려워] info : POST /board/create 201 41 - 90.592 ms

2022-07-19 17:16:02 [백엔드는 어려워] info : 8080 포트에서 서버가 가동되었습니다.
2022-07-19 17:16:02 [백엔드는 어려워] info : 8080 포트에서 서버가 가동되었습니다.
2022-07-19 17:16:02 [백엔드는 어려워] info : 8080 포트에서 서버가 가동되었습니다.
2022-07-19 17:16:02 [백엔드는 어려워] info : POST /connect 201 true 게시글 생성
2022-07-19 17:16:02 [백엔드는 어려워] info : POST /board/create 201 41 - 60.095 ms

2022-07-19 17:16:02 [백엔드는 어려워] info : 8080 포트에서 서버가 가동되었습니다.
2022-07-19 17:16:02 [백엔드는 어려워] info : POST /connect 201 true 게시글 생성
2022-07-19 17:16:02 [백엔드는 어려워] info : POST /board/create 201 41 - 88.611 ms

2022-07-19 17:18:02 [백엔드는 어려워] info : 8080 포트에서 서버가 가동되었습니다.
2022-07-19 17:18:02 [백엔드는 어려워] info : 8080 포트에서 서버가 가동되었습니다.
2022-07-19 17:18:02 [백엔드는 어려워] info : POST /connect 201 true 게시글 생성
2022-07-19 17:18:02 [백엔드는 어려워] info : POST /board/create 201 41 - 96.494 ms

2022-07-19 17:18:02 [백엔드는 어려워] info : POST /connect 201 true 게시글 생성
2022-07-19 17:18:02 [백엔드는 어려워] info : POST /board/create 201 41 - 34.073 ms

2022-07-19 17:19:02 [백엔드는 어려워] info : POST /connect 201 true 게시글 생성
2022-07-19 17:19:02 [백엔드는 어려워] info : POST /board/create 201 41 - 34.322 ms

2022-07-19 17:19:02 [백엔드는 어려워] info : POST /connect 201 true 게시글 생성
2022-07-19 17:19:02 [백엔드는 어려워] info : POST /board/create 201 41 - 17.474 ms

2022-07-19 17:21:02 [백엔드는 어려워] info : GET / 200 홈 화면
2022-07-19 17:21:02 [백엔드는 어려워] info : GET /board/ 200 498 - 8.404 ms

2022-07-19 17:21:02 [백엔드는 어려워] info : GET / 200 홈 화면
2022-07-19 17:21:02 [백엔드는 어려워] info : GET /board/ 200 498 - 3.627 ms

2022-07-19 17:21:02 [백엔드는 어려워] info : 8080 포트에서 서버가 가동되었습니다.
2022-07-19 17:22:02 [백엔드는 어려워] info : POST /board/ 404 146 - 1.313 ms

2022-07-19 17:22:02 [백엔드는 어려워] info : POST / 404 140 - 0.184 ms

2022-07-19 17:22:02 [백엔드는 어려워] info : POST / 404 140 - 0.120 ms

2022-07-19 17:22:02 [백엔드는 어려워] info : 8080 포트에서 서버가 가동되었습니다.
2022-07-19 17:22:02 [백엔드는 어려워] info : POST /boarde/create 404 153 - 1.861 ms

2022-07-19 17:22:02 [백엔드는 어려워] info : POST /board/create 500 126 - 82.494 ms

2022-07-20 14:34:03 [백엔드는 어려워] info : 8080 포트에서 서버가 가동되었습니다.
2022-07-20 14:35:03 [백엔드는 어려워] info : POST /board/delete/1 404 154 - 1.763 ms

2022-07-20 14:36:03 [백엔드는 어려워] info : 8080 포트에서 서버가 가동되었습니다.
2022-07-20 14:36:03 [백엔드는 어려워] info : POST /board/delete/1 404 154 - 1.669 ms

2022-07-20 14:36:03 [백엔드는 어려워] info : DELETE /board/delete/1 500 2 - 8.970 ms

2022-07-20 14:37:03 [백엔드는 어려워] info : 8080 포트에서 서버가 가동되었습니다.
2022-07-20 14:37:03 [백엔드는 어려워] info : DELETE /board/delete/1 500 2 - 4.185 ms

2022-07-20 14:38:03 [백엔드는 어려워] info : 8080 포트에서 서버가 가동되었습니다.
2022-07-20 14:41:03 [백엔드는 어려워] info : 8080 포트에서 서버가 가동되었습니다.
2022-07-20 14:41:03 [백엔드는 어려워] info : 8080 포트에서 서버가 가동되었습니다.
2022-07-20 14:41:03 [백엔드는 어려워] info : DELETE /board/delete/1 500 301 - 89.840 ms

2022-07-20 14:44:03 [백엔드는 어려워] info : 8080 포트에서 서버가 가동되었습니다.
2022-07-20 14:44:03 [백엔드는 어려워] info : POST /connect 201 true 게시물이 수정되었습니다.
2022-07-20 14:44:03 [백엔드는 어려워] info : DELETE /board/delete/1 201 60 - 80.312 ms

2022-07-20 14:46:03 [백엔드는 어려워] info : 8080 포트에서 서버가 가동되었습니다.
2022-07-20 14:46:03 [백엔드는 어려워] info : 8080 포트에서 서버가 가동되었습니다.
2022-07-20 14:46:03 [백엔드는 어려워] info : 8080 포트에서 서버가 가동되었습니다.
2022-07-20 14:47:03 [백엔드는 어려워] error : POST /connect 400  false 게시글 삭제 오류
2022-07-20 14:47:03 [백엔드는 어려워] info : DELETE /board/delete/1 400 49 - 76.339 ms

2022-07-20 14:48:03 [백엔드는 어려워] error : POST /connect 400  false 게시글 삭제 오류
2022-07-20 14:48:03 [백엔드는 어려워] info : DELETE /board/delete/1 400 49 - 10.264 ms

2022-07-20 14:48:03 [백엔드는 어려워] info : POST /connect 201 true 게시물이 삭제되었습니다.
2022-07-20 14:48:03 [백엔드는 어려워] info : DELETE /board/delete/2 201 60 - 11.536 ms

2022-07-20 14:48:03 [백엔드는 어려워] info : POST /connect 201 true 게시물이 삭제되었습니다.
2022-07-20 14:48:03 [백엔드는 어려워] info : DELETE /board/delete/3 201 60 - 11.489 ms

2022-07-20 14:48:03 [백엔드는 어려워] info : POST /connect 201 true 게시물이 삭제되었습니다.
2022-07-20 14:48:03 [백엔드는 어려워] info : DELETE /board/delete/4 201 60 - 11.138 ms

2022-07-20 14:48:03 [백엔드는 어려워] error : POST /connect 400  false 게시글 삭제 오류
2022-07-20 14:48:03 [백엔드는 어려워] info : DELETE /board/delete/4 400 49 - 10.044 ms

2022-07-20 14:48:03 [백엔드는 어려워] info : POST /connect 201 true 게시물이 삭제되었습니다.
2022-07-20 14:48:03 [백엔드는 어려워] info : DELETE /board/delete/5 201 60 - 25.935 ms

2022-07-20 15:26:03 [백엔드는 어려워] info : 8080 포트에서 서버가 가동되었습니다.
2022-07-20 15:28:03 [백엔드는 어려워] info : 8080 포트에서 서버가 가동되었습니다.
2022-07-20 15:47:03 [백엔드는 어려워] info : 8080 포트에서 서버가 가동되었습니다.
2022-07-20 15:49:03 [백엔드는 어려워] info : 8080 포트에서 서버가 가동되었습니다.
2022-07-20 15:49:03 [백엔드는 어려워] info : 8080 포트에서 서버가 가동되었습니다.
2022-07-20 15:50:03 [백엔드는 어려워] info : 8080 포트에서 서버가 가동되었습니다.
2022-07-20 15:51:03 [백엔드는 어려워] info : 8080 포트에서 서버가 가동되었습니다.
2022-07-20 15:51:03 [백엔드는 어려워] info : GET / 200 홈 화면
2022-07-20 15:51:03 [백엔드는 어려워] info : GET /board 200 498 - 16.150 ms

2022-07-20 15:52:03 [백엔드는 어려워] info : GET / 200 홈 화면
2022-07-20 15:52:03 [백엔드는 어려워] info : GET /board 200 498 - 3.219 ms

2022-07-20 15:52:03 [백엔드는 어려워] info : 8080 포트에서 서버가 가동되었습니다.
2022-07-20 15:52:03 [백엔드는 어려워] error : POST /connect 400  undefined undefined
2022-07-20 15:52:03 [백엔드는 어려워] info : GET /board 400 23951 - 142.920 ms

2022-07-20 15:52:03 [백엔드는 어려워] info : 8080 포트에서 서버가 가동되었습니다.
2022-07-20 15:52:03 [백엔드는 어려워] error : POST /connect 400  undefined undefined
2022-07-20 15:52:03 [백엔드는 어려워] info : GET /board 400 2783 - 149.598 ms

2022-07-20 15:54:03 [백엔드는 어려워] info : 8080 포트에서 서버가 가동되었습니다.
2022-07-20 15:54:03 [백엔드는 어려워] error : POST /connect 400  undefined undefined
2022-07-20 15:54:03 [백엔드는 어려워] info : GET /board 400 2987 - 146.107 ms

2022-07-20 15:56:03 [백엔드는 어려워] info : 8080 포트에서 서버가 가동되었습니다.
2022-07-20 15:56:03 [백엔드는 어려워] info : 8080 포트에서 서버가 가동되었습니다.
2022-07-20 15:56:03 [백엔드는 어려워] error : POST /connect 400  undefined undefined
2022-07-20 15:56:03 [백엔드는 어려워] info : GET /board 400 227 - 104.760 ms

2022-07-20 16:03:03 [백엔드는 어려워] info : 8080 포트에서 서버가 가동되었습니다.
2022-07-20 16:03:03 [백엔드는 어려워] error : POST /connect 400  undefined undefined
2022-07-20 16:03:03 [백엔드는 어려워] info : GET /board 400 135 - 100.777 ms

2022-07-20 16:04:03 [백엔드는 어려워] info : POST /board/create 500 291 - 15.638 ms

2022-07-20 16:05:03 [백엔드는 어려워] info : 8080 포트에서 서버가 가동되었습니다.
2022-07-20 16:05:03 [백엔드는 어려워] info : POST /connect 201 true 게시글 생성
2022-07-20 16:05:03 [백엔드는 어려워] info : POST /board/create 201 41 - 83.718 ms

2022-07-20 16:05:03 [백엔드는 어려워] error : POST /connect 400  undefined undefined
2022-07-20 16:05:03 [백엔드는 어려워] info : GET /board 400 140 - 43.277 ms

2022-07-20 16:05:03 [백엔드는 어려워] error : POST /connect 400  undefined undefined
2022-07-20 16:05:03 [백엔드는 어려워] info : GET /board 400 140 - 49.106 ms

2022-07-20 16:05:03 [백엔드는 어려워] error : POST /connect 400  undefined undefined
2022-07-20 16:05:03 [백엔드는 어려워] info : GET /board 400 140 - 32.386 ms

2022-07-20 16:05:03 [백엔드는 어려워] error : POST /connect 400  undefined undefined
2022-07-20 16:05:03 [백엔드는 어려워] info : GET /board 400 140 - 42.542 ms

2022-07-20 16:05:03 [백엔드는 어려워] error : POST /connect 400  undefined undefined
2022-07-20 16:05:03 [백엔드는 어려워] info : GET /board 400 140 - 33.571 ms

2022-07-20 16:05:03 [백엔드는 어려워] error : POST /connect 400  undefined undefined
2022-07-20 16:05:03 [백엔드는 어려워] info : GET /board 400 140 - 44.627 ms

2022-07-20 16:05:03 [백엔드는 어려워] error : POST /connect 400  undefined undefined
2022-07-20 16:05:03 [백엔드는 어려워] info : GET /board 400 140 - 37.739 ms

2022-07-20 16:05:03 [백엔드는 어려워] error : POST /connect 400  undefined undefined
2022-07-20 16:05:03 [백엔드는 어려워] info : GET /board 400 140 - 35.797 ms

2022-07-20 16:05:03 [백엔드는 어려워] error : POST /connect 400  undefined undefined
2022-07-20 16:05:03 [백엔드는 어려워] info : GET /board 400 140 - 36.695 ms

2022-07-20 16:06:03 [백엔드는 어려워] info : POST /board/create 500 291 - 7.792 ms

2022-07-20 16:06:03 [백엔드는 어려워] info : 8080 포트에서 서버가 가동되었습니다.
2022-07-20 16:06:03 [백엔드는 어려워] info : POST /connect 201 true 게시글 생성
2022-07-20 16:06:03 [백엔드는 어려워] info : POST /board/create 201 41 - 91.841 ms

2022-07-20 16:06:03 [백엔드는 어려워] error : POST /connect 400  undefined undefined
2022-07-20 16:06:03 [백엔드는 어려워] info : GET /board 400 146 - 48.585 ms

2022-07-20 16:07:03 [백엔드는 어려워] info : 8080 포트에서 서버가 가동되었습니다.
2022-07-20 16:07:03 [백엔드는 어려워] info : 8080 포트에서 서버가 가동되었습니다.
2022-07-20 16:07:03 [백엔드는 어려워] info : 8080 포트에서 서버가 가동되었습니다.
2022-07-20 16:08:03 [백엔드는 어려워] info : 8080 포트에서 서버가 가동되었습니다.
2022-07-20 16:08:03 [백엔드는 어려워] error : POST /connect 400  undefined undefined
2022-07-20 16:08:03 [백엔드는 어려워] info : GET /board 400 9823 - 116.083 ms

2022-07-20 16:08:03 [백엔드는 어려워] error : POST /connect 400  undefined undefined
2022-07-20 16:08:03 [백엔드는 어려워] info : GET /board 400 9823 - 33.850 ms

2022-07-20 16:08:03 [백엔드는 어려워] info : 8080 포트에서 서버가 가동되었습니다.
2022-07-20 16:08:03 [백엔드는 어려워] error : POST /connect 400  undefined undefined
2022-07-20 16:08:03 [백엔드는 어려워] info : GET /board 400 146 - 114.276 ms

2022-07-20 16:09:03 [백엔드는 어려워] info : POST /connect 201 true 게시글 생성
2022-07-20 16:09:03 [백엔드는 어려워] info : POST /board/create 201 41 - 30.525 ms

2022-07-20 16:09:03 [백엔드는 어려워] error : POST /connect 400  undefined undefined
2022-07-20 16:09:03 [백엔드는 어려워] info : GET /board 400 151 - 44.086 ms

2022-07-20 16:11:03 [백엔드는 어려워] info : 8080 포트에서 서버가 가동되었습니다.
2022-07-20 16:11:03 [백엔드는 어려워] info : 8080 포트에서 서버가 가동되었습니다.
2022-07-20 16:11:03 [백엔드는 어려워] info : POST /board/create 500 126 - 7.293 ms

2022-07-20 16:12:03 [백엔드는 어려워] info : 8080 포트에서 서버가 가동되었습니다.
2022-07-20 16:12:03 [백엔드는 어려워] info : POST /board/create 500 126 - 7.035 ms

2022-07-20 16:13:03 [백엔드는 어려워] info : 8080 포트에서 서버가 가동되었습니다.
2022-07-20 16:13:03 [백엔드는 어려워] info : 8080 포트에서 서버가 가동되었습니다.
2022-07-20 16:14:03 [백엔드는 어려워] info : 8080 포트에서 서버가 가동되었습니다.
2022-07-20 16:14:03 [백엔드는 어려워] info : POST /connect 201 true 게시글 생성
2022-07-20 16:14:03 [백엔드는 어려워] info : POST /board/create 201 41 - 125.432 ms

2022-07-20 16:14:03 [백엔드는 어려워] error : POST /connect 400  undefined undefined
2022-07-20 16:14:03 [백엔드는 어려워] info : GET /board 400 156 - 42.157 ms

2022-07-20 16:16:03 [백엔드는 어려워] error : POST /connect 400  undefined undefined
2022-07-20 16:16:03 [백엔드는 어려워] info : GET /board 400 112 - 32.285 ms

2022-07-20 16:17:03 [백엔드는 어려워] info : 8080 포트에서 서버가 가동되었습니다.
2022-07-20 16:17:03 [백엔드는 어려워] error : POST /connect 400  undefined undefined
2022-07-20 16:17:03 [백엔드는 어려워] info : GET /board 400 379 - 179.787 ms

2022-07-20 16:17:03 [백엔드는 어려워] info : 8080 포트에서 서버가 가동되었습니다.
2022-07-20 16:17:03 [백엔드는 어려워] info : 8080 포트에서 서버가 가동되었습니다.
2022-07-20 16:18:03 [백엔드는 어려워] error : POST /connect 400  undefined undefined
2022-07-20 16:18:03 [백엔드는 어려워] info : GET /board 400 112 - 115.146 ms

2022-07-20 16:18:03 [백엔드는 어려워] info : 8080 포트에서 서버가 가동되었습니다.
2022-07-20 16:20:03 [백엔드는 어려워] info : 8080 포트에서 서버가 가동되었습니다.
2022-07-20 16:21:03 [백엔드는 어려워] error : POST /connect 400  undefined undefined
2022-07-20 16:21:03 [백엔드는 어려워] info : GET /board 400 112 - 130.442 ms

2022-07-20 16:22:03 [백엔드는 어려워] info : 8080 포트에서 서버가 가동되었습니다.
2022-07-20 16:22:03 [백엔드는 어려워] info : GET /board 500 107 - 75.414 ms

2022-07-20 16:22:03 [백엔드는 어려워] info : 8080 포트에서 서버가 가동되었습니다.
2022-07-20 16:23:03 [백엔드는 어려워] info : 8080 포트에서 서버가 가동되었습니다.
2022-07-20 16:24:03 [백엔드는 어려워] info : 8080 포트에서 서버가 가동되었습니다.
2022-07-20 16:29:03 [백엔드는 어려워] info : 8080 포트에서 서버가 가동되었습니다.
2022-07-20 16:29:03 [백엔드는 어려워] error : POST /connect 400  undefined undefined
2022-07-20 16:29:03 [백엔드는 어려워] info : GET /board 400 112 - 212.983 ms

2022-07-20 16:29:03 [백엔드는 어려워] info : 8080 포트에서 서버가 가동되었습니다.
2022-07-20 16:30:03 [백엔드는 어려워] info : 8080 포트에서 서버가 가동되었습니다.
2022-07-20 16:30:03 [백엔드는 어려워] info : 8080 포트에서 서버가 가동되었습니다.
2022-07-20 16:30:03 [백엔드는 어려워] error : POST /connect 400  undefined undefined
2022-07-20 16:30:03 [백엔드는 어려워] info : GET /board 400 112 - 173.155 ms

2022-07-20 16:31:03 [백엔드는 어려워] info : 8080 포트에서 서버가 가동되었습니다.
2022-07-20 16:31:03 [백엔드는 어려워] info : 8080 포트에서 서버가 가동되었습니다.
2022-07-20 16:31:03 [백엔드는 어려워] info : 8080 포트에서 서버가 가동되었습니다.
2022-07-20 16:32:03 [백엔드는 어려워] info : 8080 포트에서 서버가 가동되었습니다.
2022-07-20 16:32:03 [백엔드는 어려워] info : 8080 포트에서 서버가 가동되었습니다.
2022-07-20 16:33:03 [백엔드는 어려워] info : 8080 포트에서 서버가 가동되었습니다.
2022-07-20 16:34:03 [백엔드는 어려워] info : 8080 포트에서 서버가 가동되었습니다.
2022-07-20 16:34:03 [백엔드는 어려워] error : POST /connect 400  undefined undefined
2022-07-20 16:34:03 [백엔드는 어려워] info : GET /board 400 112 - 97.188 ms

2022-07-20 16:34:03 [백엔드는 어려워] info : 8080 포트에서 서버가 가동되었습니다.
2022-07-20 16:34:03 [백엔드는 어려워] error : POST /connect 400  undefined undefined
2022-07-20 16:34:03 [백엔드는 어려워] info : GET /board 400 112 - 120.990 ms

2022-07-20 16:35:03 [백엔드는 어려워] info : 8080 포트에서 서버가 가동되었습니다.
2022-07-20 16:35:03 [백엔드는 어려워] info : 8080 포트에서 서버가 가동되었습니다.
2022-07-20 16:35:03 [백엔드는 어려워] error : POST /connect 400  undefined undefined
2022-07-20 16:35:03 [백엔드는 어려워] info : GET /board 400 112 - 82.758 ms

2022-07-20 16:48:03 [백엔드는 어려워] info : 8080 포트에서 서버가 가동되었습니다.
2022-07-20 16:48:03 [백엔드는 어려워] error : POST /connect 400  undefined undefined
2022-07-20 16:48:03 [백엔드는 어려워] info : GET /board 400 125 - 97.698 ms

2022-07-20 17:00:03 [백엔드는 어려워] info : 8080 포트에서 서버가 가동되었습니다.
2022-07-20 17:00:03 [백엔드는 어려워] error : POST /connect 400  undefined undefined
2022-07-20 17:00:03 [백엔드는 어려워] info : GET /board 400 129 - 73.574 ms

2022-07-20 17:00:03 [백엔드는 어려워] info : 8080 포트에서 서버가 가동되었습니다.
2022-07-20 17:01:03 [백엔드는 어려워] error : POST /connect 400  undefined undefined
2022-07-20 17:01:03 [백엔드는 어려워] info : GET /board 400 125 - 75.030 ms

2022-07-20 17:01:03 [백엔드는 어려워] info : 8080 포트에서 서버가 가동되었습니다.
2022-07-20 17:01:03 [백엔드는 어려워] error : POST /connect 400  undefined undefined
2022-07-20 17:01:03 [백엔드는 어려워] info : GET /board 400 125 - 77.641 ms

2022-07-20 17:01:03 [백엔드는 어려워] info : 8080 포트에서 서버가 가동되었습니다.
2022-07-20 17:01:03 [백엔드는 어려워] error : POST /connect 400  undefined undefined
2022-07-20 17:01:03 [백엔드는 어려워] info : GET /board 400 125 - 72.953 ms

2022-07-20 17:02:03 [백엔드는 어려워] info : 8080 포트에서 서버가 가동되었습니다.
2022-07-20 17:02:03 [백엔드는 어려워] error : POST /connect 400  undefined undefined
2022-07-20 17:02:03 [백엔드는 어려워] info : GET /board 400 125 - 79.669 ms

2022-07-20 17:02:03 [백엔드는 어려워] info : 8080 포트에서 서버가 가동되었습니다.
2022-07-20 17:02:03 [백엔드는 어려워] error : POST /connect 400  undefined undefined
2022-07-20 17:02:03 [백엔드는 어려워] info : GET /board 400 125 - 70.316 ms

2022-07-20 17:02:03 [백엔드는 어려워] info : 8080 포트에서 서버가 가동되었습니다.
2022-07-20 17:02:03 [백엔드는 어려워] error : POST /connect 400  undefined undefined
2022-07-20 17:02:03 [백엔드는 어려워] info : GET /board 400 125 - 89.701 ms

2022-07-20 17:04:03 [백엔드는 어려워] info : 8080 포트에서 서버가 가동되었습니다.
2022-07-20 17:04:03 [백엔드는 어려워] error : POST /connect 400  undefined undefined
2022-07-20 17:04:03 [백엔드는 어려워] info : GET /board 400 125 - 77.840 ms

2022-07-20 17:05:03 [백엔드는 어려워] info : 8080 포트에서 서버가 가동되었습니다.
2022-07-20 17:05:03 [백엔드는 어려워] error : POST /connect 400  undefined undefined
2022-07-20 17:05:03 [백엔드는 어려워] info : GET /board 400 125 - 75.491 ms

2022-07-20 17:05:03 [백엔드는 어려워] info : 8080 포트에서 서버가 가동되었습니다.
2022-07-20 17:05:03 [백엔드는 어려워] error : POST /connect 400  undefined undefined
2022-07-20 17:05:03 [백엔드는 어려워] info : GET /board 400 125 - 90.701 ms

2022-07-20 17:06:03 [백엔드는 어려워] error : POST /connect 400  undefined undefined
2022-07-20 17:06:03 [백엔드는 어려워] info : GET /board 400 125 - 10.673 ms

2022-07-20 17:06:03 [백엔드는 어려워] info : 8080 포트에서 서버가 가동되었습니다.
2022-07-20 17:06:03 [백엔드는 어려워] info : 8080 포트에서 서버가 가동되었습니다.
2022-07-20 17:06:03 [백엔드는 어려워] error : POST /connect 400  undefined undefined
2022-07-20 17:06:03 [백엔드는 어려워] info : GET /board 400 123 - 70.695 ms

2022-07-20 17:07:03 [백엔드는 어려워] info : 8080 포트에서 서버가 가동되었습니다.
2022-07-20 17:07:03 [백엔드는 어려워] error : POST /connect 400  undefined undefined
2022-07-20 17:07:03 [백엔드는 어려워] info : GET /board 400 25 - 103.542 ms

2022-07-20 17:07:03 [백엔드는 어려워] info : 8080 포트에서 서버가 가동되었습니다.
2022-07-20 17:07:03 [백엔드는 어려워] error : POST /connect 400  undefined undefined
2022-07-20 17:07:03 [백엔드는 어려워] info : GET /board 400 123 - 77.535 ms

2022-07-20 17:08:03 [백엔드는 어려워] info : 8080 포트에서 서버가 가동되었습니다.
2022-07-20 17:08:03 [백엔드는 어려워] error : POST /connect 400  undefined undefined
2022-07-20 17:08:03 [백엔드는 어려워] info : GET /board 400 125 - 69.397 ms

2022-07-20 17:08:03 [백엔드는 어려워] info : 8080 포트에서 서버가 가동되었습니다.
2022-07-20 17:08:03 [백엔드는 어려워] error : POST /connect 400  undefined undefined
2022-07-20 17:08:03 [백엔드는 어려워] info : GET /board 400 125 - 67.506 ms

2022-07-20 17:08:03 [백엔드는 어려워] info : 8080 포트에서 서버가 가동되었습니다.
2022-07-20 17:09:03 [백엔드는 어려워] info : 8080 포트에서 서버가 가동되었습니다.
2022-07-20 17:09:03 [백엔드는 어려워] error : POST /connect 400  undefined undefined
2022-07-20 17:09:03 [백엔드는 어려워] info : GET /board 400 123 - 81.300 ms

2022-07-20 17:09:03 [백엔드는 어려워] info : 8080 포트에서 서버가 가동되었습니다.
2022-07-20 17:09:03 [백엔드는 어려워] error : POST /connect 400  undefined undefined
2022-07-20 17:09:03 [백엔드는 어려워] info : GET /board 400 123 - 93.318 ms

2022-07-20 17:09:03 [백엔드는 어려워] info : 8080 포트에서 서버가 가동되었습니다.
2022-07-20 17:09:03 [백엔드는 어려워] error : POST /connect 400  undefined undefined
2022-07-20 17:09:03 [백엔드는 어려워] info : GET /board 400 123 - 79.686 ms

2022-07-20 17:09:03 [백엔드는 어려워] info : 8080 포트에서 서버가 가동되었습니다.
2022-07-20 17:09:03 [백엔드는 어려워] info : GET /board 500 17 - 73.292 ms

2022-07-20 17:10:03 [백엔드는 어려워] info : 8080 포트에서 서버가 가동되었습니다.
2022-07-20 17:10:03 [백엔드는 어려워] error : POST /connect 400  undefined undefined
2022-07-20 17:10:03 [백엔드는 어려워] info : GET /board 400 123 - 64.061 ms

2022-07-20 17:10:03 [백엔드는 어려워] info : 8080 포트에서 서버가 가동되었습니다.
2022-07-20 17:10:03 [백엔드는 어려워] info : GET /board 500 17 - 73.836 ms

2022-07-20 17:10:03 [백엔드는 어려워] info : 8080 포트에서 서버가 가동되었습니다.
2022-07-20 17:10:03 [백엔드는 어려워] error : POST /connect 400  undefined undefined
2022-07-20 17:10:03 [백엔드는 어려워] info : GET /board 400 123 - 81.569 ms

2022-07-20 17:11:03 [백엔드는 어려워] info : 8080 포트에서 서버가 가동되었습니다.
2022-07-20 17:11:03 [백엔드는 어려워] error : POST /connect 400  undefined undefined
2022-07-20 17:11:03 [백엔드는 어려워] info : GET /board 400 123 - 70.701 ms

2022-07-20 17:12:03 [백엔드는 어려워] error : POST /connect 400  undefined undefined
2022-07-20 17:12:03 [백엔드는 어려워] info : GET /board 400 123 - 11.659 ms

2022-07-20 17:12:03 [백엔드는 어려워] info : 8080 포트에서 서버가 가동되었습니다.
2022-07-20 17:12:03 [백엔드는 어려워] info : GET /board 500 17 - 67.944 ms

2022-07-20 17:12:03 [백엔드는 어려워] info : 8080 포트에서 서버가 가동되었습니다.
2022-07-20 17:12:03 [백엔드는 어려워] error : POST /connect 400  undefined undefined
2022-07-20 17:12:03 [백엔드는 어려워] info : GET /board 400 123 - 75.476 ms

2022-07-20 17:13:03 [백엔드는 어려워] info : 8080 포트에서 서버가 가동되었습니다.
2022-07-20 17:13:03 [백엔드는 어려워] error : POST /connect 400  undefined undefined
2022-07-20 17:13:03 [백엔드는 어려워] info : GET /board 400 123 - 105.826 ms

2022-07-20 17:13:03 [백엔드는 어려워] info : 8080 포트에서 서버가 가동되었습니다.
2022-07-20 17:13:03 [백엔드는 어려워] error : POST /connect 400  undefined undefined
2022-07-20 17:13:03 [백엔드는 어려워] info : GET /board 400 123 - 78.307 ms

2022-07-20 17:13:03 [백엔드는 어려워] info : 8080 포트에서 서버가 가동되었습니다.
2022-07-20 17:13:03 [백엔드는 어려워] error : POST /connect 400  undefined undefined
2022-07-20 17:13:03 [백엔드는 어려워] info : GET /board 400 123 - 81.053 ms

2022-07-20 17:13:03 [백엔드는 어려워] info : 8080 포트에서 서버가 가동되었습니다.
2022-07-20 17:14:03 [백엔드는 어려워] error : POST /connect 400  undefined undefined
2022-07-20 17:14:03 [백엔드는 어려워] info : GET /board 400 9418 - 66.638 ms

2022-07-20 17:14:03 [백엔드는 어려워] info : 8080 포트에서 서버가 가동되었습니다.
2022-07-20 17:16:03 [백엔드는 어려워] info : 8080 포트에서 서버가 가동되었습니다.
2022-07-20 17:16:03 [백엔드는 어려워] error : POST /connect 400  undefined undefined
2022-07-20 17:16:03 [백엔드는 어려워] info : GET /board 400 123 - 66.260 ms

2022-07-20 17:16:03 [백엔드는 어려워] error : POST /connect 400  undefined undefined
2022-07-20 17:16:03 [백엔드는 어려워] info : GET /board 400 123 - 9.450 ms

2022-07-20 17:16:03 [백엔드는 어려워] error : POST /connect 400  undefined undefined
2022-07-20 17:16:03 [백엔드는 어려워] info : GET /board 400 123 - 9.830 ms

2022-07-20 17:16:03 [백엔드는 어려워] info : 8080 포트에서 서버가 가동되었습니다.
2022-07-20 17:20:03 [백엔드는 어려워] info : 8080 포트에서 서버가 가동되었습니다.
2022-07-20 17:20:03 [백엔드는 어려워] error : POST /connect 400  undefined undefined
2022-07-20 17:20:03 [백엔드는 어려워] info : GET /board 400 131 - 91.256 ms

2022-07-20 17:22:03 [백엔드는 어려워] info : 8080 포트에서 서버가 가동되었습니다.
2022-07-20 17:22:03 [백엔드는 어려워] info : 8080 포트에서 서버가 가동되었습니다.
2022-07-20 17:22:03 [백엔드는 어려워] error : POST /connect 400  undefined undefined
2022-07-20 17:22:03 [백엔드는 어려워] info : GET /board 400 125 - 90.536 ms

2022-07-20 17:22:03 [백엔드는 어려워] info : 8080 포트에서 서버가 가동되었습니다.
2022-07-20 17:22:03 [백엔드는 어려워] error : POST /connect 400  undefined undefined
2022-07-20 17:22:03 [백엔드는 어려워] info : GET /board 400 125 - 70.226 ms

2022-07-20 17:23:03 [백엔드는 어려워] info : 8080 포트에서 서버가 가동되었습니다.
2022-07-20 17:23:03 [백엔드는 어려워] info : 8080 포트에서 서버가 가동되었습니다.
2022-07-20 17:23:03 [백엔드는 어려워] info : 8080 포트에서 서버가 가동되었습니다.
2022-07-20 17:23:03 [백엔드는 어려워] info : 8080 포트에서 서버가 가동되었습니다.
2022-07-20 17:23:03 [백엔드는 어려워] error : POST /connect 400  undefined undefined
2022-07-20 17:23:03 [백엔드는 어려워] info : GET /board 400 133 - 70.403 ms

2022-07-20 17:26:03 [백엔드는 어려워] error : POST /connect 400  undefined undefined
2022-07-20 17:26:03 [백엔드는 어려워] info : GET /board 400 149 - 10.874 ms

2022-07-20 17:27:03 [백엔드는 어려워] info : 8080 포트에서 서버가 가동되었습니다.
2022-07-20 17:27:03 [백엔드는 어려워] error : POST /connect 400  undefined undefined
2022-07-20 17:27:03 [백엔드는 어려워] info : GET /board 400 149 - 85.711 ms

2022-07-20 17:48:03 [백엔드는 어려워] info : 8080 포트에서 서버가 가동되었습니다.
2022-07-20 17:48:03 [백엔드는 어려워] error : POST /connect 400  undefined undefined
2022-07-20 17:48:03 [백엔드는 어려워] info : GET /board 400 253 - 82.590 ms

2022-07-20 17:48:03 [백엔드는 어려워] info : 8080 포트에서 서버가 가동되었습니다.
2022-07-20 17:48:03 [백엔드는 어려워] info : GET /board 500 107 - 69.776 ms

2022-07-20 17:50:03 [백엔드는 어려워] info : 8080 포트에서 서버가 가동되었습니다.
2022-07-20 17:50:03 [백엔드는 어려워] info : GET /board 500 107 - 86.806 ms

